<?xml version="1.0" encoding="UTF-8"?>
<Site BuildName="(empty)"
	BuildStamp="20260430-1831-Experimental"
	Name="(empty)"
	Generator="ctest-3.31.6-msvc6"
	CompilerName=""
	CompilerVersion=""
	OSName="Windows"
	Hostname="JPC"
	OSRelease=" Personal"
	OSVersion=" (Build 26200)"
	OSPlatform="AMD64"
	Is64Bits="1"
	VendorString="GenuineIntel"
	VendorID="Intel Corporation"
	FamilyID="6"
	ModelID="10"
	ModelName=""
	ProcessorCacheSize="-1"
	NumberOfLogicalCPU="22"
	NumberOfPhysicalCPU="16"
	TotalVirtualMemory="81341"
	TotalPhysicalMemory="32189"
	LogicalProcessorsPerPhysical="1"
	ProcessorClockFrequency="2995"
	>
	<Testing>
		<StartDateTime>May 01 02:31 China Standard Time</StartDateTime>
		<StartTestTime>1777573893</StartTestTime>
		<TestList/>
		<EndDateTime>May 01 02:31 China Standard Time</EndDateTime>
		<EndTestTime>1777573893</EndTestTime>
		<ElapsedMinutes>0</ElapsedMinutes>
	</Testing>
</Site>
